2015-01-28 16:43:56.411 [main] DEBUG c.github.sd4324530.fastweixin.api.config.ApiConfig - 开始第一次初始化access_token........
2015-01-28 16:43:56.445 [main] DEBUG com.github.sd4324530.fastweixin.util.NetWorkCenter - -----------------请求地址:https://api.weixin.qq.com/cgi-bin/token?grant_type=client_credential&appid=wxafb7b8f9457b5d50&secret=1b8223018a69658f0236d68d2e41fb20-----------------
2015-01-28 16:43:58.826 [main] DEBUG com.github.sd4324530.fastweixin.util.NetWorkCenter - 本次请求'token?grant_type=client_credential&appid=wxafb7b8f9457b5d50&secret=1b8223018a69658f0236d68d2e41fb20'耗时:1823ms
2015-01-28 16:43:58.829 [main] DEBUG com.github.sd4324530.fastweixin.util.NetWorkCenter - -----------------请求成功-----------------
2015-01-28 16:43:58.830 [main] DEBUG com.github.sd4324530.fastweixin.util.NetWorkCenter - 响应结果:
2015-01-28 16:43:58.830 [main] DEBUG com.github.sd4324530.fastweixin.util.NetWorkCenter - {"access_token":"uJQOuwP02655NQYJ0TS4s14_CocJCRyv_G-ZKg6Ucv7tz0CzV0CG2lYQubKoAk3sTohcAQcm7UUsCwXGzdkYbJkHp4uNtIuEFyDDSI7rgnY","expires_in":7200}
2015-01-28 16:43:59.075 [main] DEBUG c.github.sd4324530.fastweixin.api.config.ApiConfig - 获取access_token:uJQOuwP02655NQYJ0TS4s14_CocJCRyv_G-ZKg6Ucv7tz0CzV0CG2lYQubKoAk3sTohcAQcm7UUsCwXGzdkYbJkHp4uNtIuEFyDDSI7rgnY
2015-01-28 16:43:59.078 [main] DEBUG c.github.sd4324530.fastweixin.api.config.ApiConfig - 开始第一次初始化 jsapi_ticket........
2015-01-28 16:43:59.079 [main] DEBUG com.github.sd4324530.fastweixin.util.NetWorkCenter - -----------------请求地址:https://api.weixin.qq.com/cgi-bin/ticket/getticket?access_token=uJQOuwP02655NQYJ0TS4s14_CocJCRyv_G-ZKg6Ucv7tz0CzV0CG2lYQubKoAk3sTohcAQcm7UUsCwXGzdkYbJkHp4uNtIuEFyDDSI7rgnY&type=jsapi-----------------
2015-01-28 16:43:59.477 [main] DEBUG com.github.sd4324530.fastweixin.util.NetWorkCenter - 本次请求'getticket?access_token=uJQOuwP02655NQYJ0TS4s14_CocJCRyv_G-ZKg6Ucv7tz0CzV0CG2lYQubKoAk3sTohcAQcm7UUsCwXGzdkYbJkHp4uNtIuEFyDDSI7rgnY&type=jsapi'耗时:392ms
2015-01-28 16:43:59.478 [main] DEBUG com.github.sd4324530.fastweixin.util.NetWorkCenter - -----------------请求成功-----------------
2015-01-28 16:43:59.479 [main] DEBUG com.github.sd4324530.fastweixin.util.NetWorkCenter - 响应结果:
2015-01-28 16:43:59.480 [main] DEBUG com.github.sd4324530.fastweixin.util.NetWorkCenter - {"errcode":0,"errmsg":"ok","ticket":"sM4AOVdWfPE4DxkXGEs8VAHi9CHsaVAKw42gRI3ZaTjZnrc_MvuNudbG0QpFJNLohfElkVcESA0oMCuNxWD2_A","expires_in":7200}
2015-01-28 16:43:59.488 [main] DEBUG c.github.sd4324530.fastweixin.api.config.ApiConfig - 获取jsapi_ticket:sM4AOVdWfPE4DxkXGEs8VAHi9CHsaVAKw42gRI3ZaTjZnrc_MvuNudbG0QpFJNLohfElkVcESA0oMCuNxWD2_A
2015-01-28 16:43:59.490 [main] DEBUG com.github.sd4324530.fastweixin.FastweixinTest - ok
2015-01-28 16:43:59.533 [main] DEBUG com.github.sd4324530.fastweixin.FastweixinTest - {
	"errcode":"0",
	"errmsg":"请求成功",
	"noncestr":"71060b1ce1e74f869c2627fdae554eab",
	"signature":"2bf7f08c4780cc87b2ee08f24fd906487a5ec4f2",
	"timestamp":1422434639,
	"url":"http://mp.weixin.qq.com"
}
